2025-01-13 12:18:48,989 ERROR: Failed to open GStreamer pipeline for the camera. Check the pipeline and permissions.
2025-01-13 12:18:48,990 ERROR: Camera is not opened. Attempting to reopen...
2025-01-13 12:18:48,990 ERROR: Reopening camera failed. Retrying in 5 seconds...
2025-01-13 12:18:48,992 INFO: Starting the application with SocketIO...
2025-01-13 12:18:53,988 WARNING: No Flipper Zero device found.
2025-01-13 12:18:53,989 INFO: Flipper Zero is not connected.
2025-01-13 12:18:53,989 WARNING: Flipper Zero not connected. Attempting to reconnect...
2025-01-13 12:18:54,001 ERROR: Camera is not opened. Attempting to reopen...
2025-01-13 12:18:54,002 ERROR: Reopening camera failed. Retrying in 5 seconds...
2025-01-13 12:18:59,003 WARNING: No Flipper Zero device found.
2025-01-13 12:18:59,003 INFO: Flipper Zero is not connected.
2025-01-13 12:18:59,004 WARNING: Flipper Zero not connected. Attempting to reconnect...
2025-01-13 12:18:59,004 ERROR: Camera is not opened. Attempting to reopen...
2025-01-13 12:18:59,004 ERROR: Reopening camera failed. Retrying in 5 seconds...
2025-01-13 12:19:04,017 WARNING: No Flipper Zero device found.
2025-01-13 12:19:04,018 INFO: Flipper Zero is not connected.
2025-01-13 12:19:04,018 WARNING: Flipper Zero not connected. Attempting to reconnect...
2025-01-13 12:19:04,018 ERROR: Camera is not opened. Attempting to reopen...
2025-01-13 12:19:04,018 ERROR: Reopening camera failed. Retrying in 5 seconds...
2025-01-13 12:19:09,018 INFO: Received signal 2. Shutting down server...
2025-01-13 12:19:09,019 ERROR: Application failed to start: Cannot switch to MAINLOOP from MAINLOOP
2025-01-13 12:19:11,819 ERROR: Failed to open GStreamer pipeline for the camera. Check the pipeline and permissions.
2025-01-13 12:19:11,820 ERROR: Camera is not opened. Attempting to reopen...
2025-01-13 12:19:11,820 ERROR: Reopening camera failed. Retrying in 5 seconds...
2025-01-13 12:19:11,822 INFO: Starting the application with SocketIO...
2025-01-13 12:19:16,831 WARNING: No Flipper Zero device found.
2025-01-13 12:19:16,832 INFO: Flipper Zero is not connected.
2025-01-13 12:19:16,832 WARNING: Flipper Zero not connected. Attempting to reconnect...
2025-01-13 12:19:16,832 ERROR: Camera is not opened. Attempting to reopen...
2025-01-13 12:19:16,832 ERROR: Reopening camera failed. Retrying in 5 seconds...
2025-01-13 12:19:21,842 INFO: Received signal 2. Shutting down server...
2025-01-13 12:19:21,843 ERROR: Application failed to start: Cannot switch to MAINLOOP from MAINLOOP
2025-01-13 12:30:30,077 ERROR: Failed to open GStreamer pipeline for the camera. Check the pipeline and permissions.
2025-01-13 12:30:30,078 ERROR: Camera is not opened. Attempting to reopen...
2025-01-13 12:30:30,078 ERROR: Reopening camera failed. Retrying in 5 seconds...
2025-01-13 12:30:30,079 INFO: Starting the application with SocketIO...
2025-01-13 12:30:35,081 INFO: Received signal 2. Shutting down server...
2025-01-13 12:30:35,082 ERROR: Application failed to start: Cannot switch to MAINLOOP from MAINLOOP
2025-01-13 12:30:53,087 ERROR: Failed to open GStreamer pipeline for the camera. Check the pipeline and permissions.
2025-01-13 12:30:53,087 ERROR: Camera is not opened. Attempting to reopen...
2025-01-13 12:30:53,087 ERROR: Reopening camera failed. Retrying in 5 seconds...
2025-01-13 12:30:53,089 INFO: Starting the application with SocketIO...
2025-01-13 12:30:58,094 INFO: Received signal 2. Shutting down server...
2025-01-13 12:30:58,095 ERROR: Application failed to start: Cannot switch to MAINLOOP from MAINLOOP
